# JRE version: OpenJDK Runtime Environment (8.0_152-b01) (build 1.8.0_152-release-1248-b01)
# Java VM: OpenJDK 64-Bit Server VM (25.152-b01 mixed mode windows-amd64 compressed oops)
Heap:
 PSYoungGen      total 452608K, used 80611K [0x00000000e0000000, 0x0000000100000000, 0x0000000100000000)
  eden space 407552K, 8% used [0x00000000e0000000,0x00000000e22b9ac8,0x00000000f8e00000)
  from space 45056K, 99% used [0x00000000fd400000,0x00000000fffff2a0,0x0000000100000000)
  to   space 58368K, 0% used [0x00000000f8e00000,0x00000000f8e00000,0x00000000fc700000)
 ParOldGen       total 133120K, used 80264K [0x00000000a0000000, 0x00000000a8200000, 0x00000000e0000000)
  object space 133120K, 60% used [0x00000000a0000000,0x00000000a4e62160,0x00000000a8200000)
 Metaspace       used 93570K, capacity 96799K, committed 96944K, reserved 1134592K
  class space    used 11421K, capacity 12116K, committed 12208K, reserved 1048576K
GC Heap History (10 events):
Event: 19.238 GC heap before
{Heap before GC invocations=15 (full 3):
 PSYoungGen      total 225792K, used 180736K [0x00000000e0000000, 0x00000000f5600000, 0x0000000100000000)
  eden space 180736K, 100% used [0x00000000e0000000,0x00000000eb080000,0x00000000eb080000)
  from space 45056K, 0% used [0x00000000eb080000,0x00000000eb080000,0x00000000edc80000)
  to   space 43008K, 0% used [0x00000000f2c00000,0x00000000f2c00000,0x00000000f5600000)
 ParOldGen       total 133120K, used 41844K [0x00000000a0000000, 0x00000000a8200000, 0x00000000e0000000)
  object space 133120K, 31% used [0x00000000a0000000,0x00000000a28dd040,0x00000000a8200000)
 Metaspace       used 63199K, capacity 64485K, committed 64944K, reserved 1105920K
  class space    used 7727K, capacity 8037K, committed 8112K, reserved 1048576K
Event: 19.288 GC heap after
Heap after GC invocations=15 (full 3):
 PSYoungGen      total 299520K, used 39072K [0x00000000e0000000, 0x00000000f5780000, 0x0000000100000000)
  eden space 256512K, 0% used [0x00000000e0000000,0x00000000e0000000,0x00000000efa80000)
  from space 43008K, 90% used [0x00000000f2c00000,0x00000000f5228320,0x00000000f5600000)
  to   space 47616K, 0% used [0x00000000efa80000,0x00000000efa80000,0x00000000f2900000)
 ParOldGen       total 133120K, used 41852K [0x00000000a0000000, 0x00000000a8200000, 0x00000000e0000000)
  object space 133120K, 31% used [0x00000000a0000000,0x00000000a28df040,0x00000000a8200000)
 Metaspace       used 63199K, capacity 64485K, committed 64944K, reserved 1105920K
  class space    used 7727K, capacity 8037K, committed 8112K, reserved 1048576K
}
Event: 22.893 GC heap before
{Heap before GC invocations=16 (full 3):
 PSYoungGen      total 299520K, used 295584K [0x00000000e0000000, 0x00000000f5780000, 0x0000000100000000)
  eden space 256512K, 100% used [0x00000000e0000000,0x00000000efa80000,0x00000000efa80000)
  from space 43008K, 90% used [0x00000000f2c00000,0x00000000f5228320,0x00000000f5600000)
  to   space 47616K, 0% used [0x00000000efa80000,0x00000000efa80000,0x00000000f2900000)
 ParOldGen       total 133120K, used 41852K [0x00000000a0000000, 0x00000000a8200000, 0x00000000e0000000)
  object space 133120K, 31% used [0x00000000a0000000,0x00000000a28df040,0x00000000a8200000)
 Metaspace       used 72312K, capacity 74201K, committed 74544K, reserved 1114112K
  class space    used 8943K, capacity 9397K, committed 9520K, reserved 1048576K
Event: 22.937 GC heap after
Heap after GC invocations=16 (full 3):
 PSYoungGen      total 304128K, used 21961K [0x00000000e0000000, 0x00000000fb580000, 0x0000000100000000)
  eden space 256512K, 0% used [0x00000000e0000000,0x00000000e0000000,0x00000000efa80000)
  from space 47616K, 46% used [0x00000000efa80000,0x00000000f0ff27a8,0x00000000f2900000)
  to   space 45568K, 0% used [0x00000000f8900000,0x00000000f8900000,0x00000000fb580000)
 ParOldGen       total 133120K, used 51378K [0x00000000a0000000, 0x00000000a8200000, 0x00000000e0000000)
  object space 133120K, 38% used [0x00000000a0000000,0x00000000a322ca98,0x00000000a8200000)
 Metaspace       used 72312K, capacity 74201K, committed 74544K, reserved 1114112K
  class space    used 8943K, capacity 9397K, committed 9520K, reserved 1048576K
}
Event: 92.985 GC heap before
{Heap before GC invocations=17 (full 3):
 PSYoungGen      total 304128K, used 278473K [0x00000000e0000000, 0x00000000fb580000, 0x0000000100000000)
  eden space 256512K, 100% used [0x00000000e0000000,0x00000000efa80000,0x00000000efa80000)
  from space 47616K, 46% used [0x00000000efa80000,0x00000000f0ff27a8,0x00000000f2900000)
  to   space 45568K, 0% used [0x00000000f8900000,0x00000000f8900000,0x00000000fb580000)
 ParOldGen       total 133120K, used 51378K [0x00000000a0000000, 0x00000000a8200000, 0x00000000e0000000)
  object space 133120K, 38% used [0x00000000a0000000,0x00000000a322ca98,0x00000000a8200000)
 Metaspace       used 78150K, capacity 80123K, committed 80432K, reserved 1120256K
  class space    used 9539K, capacity 9982K, committed 10032K, reserved 1048576K
Event: 93.005 GC heap after
Heap after GC invocations=17 (full 3):
 PSYoungGen      total 379904K, used 13023K [0x00000000e0000000, 0x00000000fa980000, 0x0000000100000000)
  eden space 346624K, 0% used [0x00000000e0000000,0x00000000e0000000,0x00000000f5280000)
  from space 33280K, 39% used [0x00000000f8900000,0x00000000f95b7e10,0x00000000fa980000)
  to   space 44544K, 0% used [0x00000000f5280000,0x00000000f5280000,0x00000000f7e00000)
 ParOldGen       total 133120K, used 59412K [0x00000000a0000000, 0x00000000a8200000, 0x00000000e0000000)
  object space 133120K, 44% used [0x00000000a0000000,0x00000000a3a052e0,0x00000000a8200000)
 Metaspace       used 78150K, capacity 80123K, committed 80432K, reserved 1120256K
  class space    used 9539K, capacity 9982K, committed 10032K, reserved 1048576K
}
Event: 1334.405 GC heap before
{Heap before GC invocations=18 (full 3):
 PSYoungGen      total 379904K, used 359647K [0x00000000e0000000, 0x00000000fa980000, 0x0000000100000000)
  eden space 346624K, 100% used [0x00000000e0000000,0x00000000f5280000,0x00000000f5280000)
  from space 33280K, 39% used [0x00000000f8900000,0x00000000f95b7e10,0x00000000fa980000)
  to   space 44544K, 0% used [0x00000000f5280000,0x00000000f5280000,0x00000000f7e00000)
 ParOldGen       total 133120K, used 59412K [0x00000000a0000000, 0x00000000a8200000, 0x00000000e0000000)
  object space 133120K, 44% used [0x00000000a0000000,0x00000000a3a052e0,0x00000000a8200000)
 Metaspace       used 81549K, capacity 84221K, committed 84528K, reserved 1124352K
  class space    used 9888K, capacity 10465K, committed 10544K, reserved 1048576K
Event: 1334.434 GC heap after
Heap after GC invocations=18 (full 3):
 PSYoungGen      total 391168K, used 28674K [0x00000000e0000000, 0x0000000100000000, 0x0000000100000000)
  eden space 346624K, 0% used [0x00000000e0000000,0x00000000e0000000,0x00000000f5280000)
  from space 44544K, 64% used [0x00000000f5280000,0x00000000f6e809c0,0x00000000f7e00000)
  to   space 45056K, 0% used [0x00000000fd400000,0x00000000fd400000,0x0000000100000000)
 ParOldGen       total 133120K, used 62182K [0x00000000a0000000, 0x00000000a8200000, 0x00000000e0000000)
  object space 133120K, 46% used [0x00000000a0000000,0x00000000a3cb9860,0x00000000a8200000)
 Metaspace       used 81549K, capacity 84221K, committed 84528K, reserved 1124352K
  class space    used 9888K, capacity 10465K, committed 10544K, reserved 1048576K
}
Event: 1338.694 GC heap before
{Heap before GC invocations=19 (full 3):
 PSYoungGen      total 391168K, used 375298K [0x00000000e0000000, 0x0000000100000000, 0x0000000100000000)
  eden space 346624K, 100% used [0x00000000e0000000,0x00000000f5280000,0x00000000f5280000)
  from space 44544K, 64% used [0x00000000f5280000,0x00000000f6e809c0,0x00000000f7e00000)
  to   space 45056K, 0% used [0x00000000fd400000,0x00000000fd400000,0x0000000100000000)
 ParOldGen       total 133120K, used 62182K [0x00000000a0000000, 0x00000000a8200000, 0x00000000e0000000)
  object space 133120K, 46% used [0x00000000a0000000,0x00000000a3cb9860,0x00000000a8200000)
 Metaspace       used 93558K, capacity 96799K, committed 96944K, reserved 1134592K
  class space    used 11421K, capacity 12116K, committed 12208K, reserved 1048576K
Event: 1338.756 GC heap after
Heap after GC invocations=19 (full 3):
 PSYoungGen      total 452608K, used 45052K [0x00000000e0000000, 0x0000000100000000, 0x0000000100000000)
  eden space 407552K, 0% used [0x00000000e0000000,0x00000000e0000000,0x00000000f8e00000)
  from space 45056K, 99% used [0x00000000fd400000,0x00000000fffff2a0,0x0000000100000000)
  to   space 58368K, 0% used [0x00000000f8e00000,0x00000000f8e00000,0x00000000fc700000)
 ParOldGen       total 133120K, used 80264K [0x00000000a0000000, 0x00000000a8200000, 0x00000000e0000000)
  object space 133120K, 60% used [0x00000000a0000000,0x00000000a4e62160,0x00000000a8200000)
 Metaspace       used 93558K, capacity 96799K, committed 96944K, reserved 1134592K
  class space    used 11421K, capacity 12116K, committed 12208K, reserved 1048576K
}

